2024-01-03 17:21:04,702 WARNING database DDL Query made to DB:
create table `tabDesktop Icon` (
			name varchar(140) primary key,
			creation datetime(6),
			modified datetime(6),
			modified_by varchar(140),
			owner varchar(140),
			docstatus int(1) not null default '0',
			idx int(8) not null default '0',
			`module_name` varchar(140),
`label` varchar(140),
`standard` int(1) not null default 0,
`custom` int(1) not null default 0,
`app` varchar(140),
`description` text,
`category` varchar(140),
`hidden` int(1) not null default 0,
`blocked` int(1) not null default 0,
`force_show` int(1) not null default 0,
`type` varchar(140),
`_doctype` varchar(140),
`_report` varchar(140),
`link` text,
`color` varchar(140),
`icon` varchar(140),
`reverse` int(1) not null default 0,
`_user_tags` text,
`_comments` text,
`_assign` text,
`_liked_by` text,

			index modified(modified))
			ENGINE=InnoDB
			ROW_FORMAT=DYNAMIC
			CHARACTER SET=utf8mb4
			COLLATE=utf8mb4_unicode_ci
2024-01-03 17:21:04,764 WARNING database DDL Query made to DB:
alter table `tabDesktop Icon`
					add unique `unique_module_name_owner_standard`(module_name, owner, standard)
2024-01-03 17:21:04,850 WARNING database DDL Query made to DB:
create table `tabNumber Card Link` (
			name varchar(140) primary key,
			creation datetime(6),
			modified datetime(6),
			modified_by varchar(140),
			owner varchar(140),
			docstatus int(1) not null default '0',
			idx int(8) not null default '0',
			`card` varchar(140),
parent varchar(140),
parentfield varchar(140),
parenttype varchar(140),
index parent(parent),

			index modified(modified))
			ENGINE=InnoDB
			ROW_FORMAT=DYNAMIC
			CHARACTER SET=utf8mb4
			COLLATE=utf8mb4_unicode_ci
2024-01-03 17:21:05,044 WARNING database DDL Query made to DB:
create table `tabDashboard Chart Link` (
			name varchar(140) primary key,
			creation datetime(6),
			modified datetime(6),
			modified_by varchar(140),
			owner varchar(140),
			docstatus int(1) not null default '0',
			idx int(8) not null default '0',
			`chart` varchar(140),
`width` varchar(140) default 'Half',
parent varchar(140),
parentfield varchar(140),
parenttype varchar(140),
index parent(parent),

			index modified(modified))
			ENGINE=InnoDB
			ROW_FORMAT=DYNAMIC
			CHARACTER SET=utf8mb4
			COLLATE=utf8mb4_unicode_ci
2024-01-03 17:21:05,150 WARNING database DDL Query made to DB:
create table `tabNote Seen By` (
			name varchar(140) primary key,
			creation datetime(6),
			modified datetime(6),
			modified_by varchar(140),
			owner varchar(140),
			docstatus int(1) not null default '0',
			idx int(8) not null default '0',
			`user` varchar(140),
parent varchar(140),
parentfield varchar(140),
parenttype varchar(140),
index parent(parent),

			index modified(modified))
			ENGINE=InnoDB
			ROW_FORMAT=DYNAMIC
			CHARACTER SET=utf8mb4
			COLLATE=utf8mb4_unicode_ci
2024-01-03 17:21:05,302 WARNING database DDL Query made to DB:
create table `tabToDo` (
			name varchar(140) primary key,
			creation datetime(6),
			modified datetime(6),
			modified_by varchar(140),
			owner varchar(140),
			docstatus int(1) not null default '0',
			idx int(8) not null default '0',
			`status` varchar(140) default 'Open',
`priority` varchar(140) default 'Medium',
`color` varchar(140),
`date` date,
`allocated_to` varchar(140),
`description` longtext,
`reference_type` varchar(140),
`reference_name` varchar(140),
`role` varchar(140),
`assigned_by` varchar(140),
`assigned_by_full_name` varchar(140),
`sender` varchar(140),
`assignment_rule` varchar(140),
`_user_tags` text,
`_comments` text,
`_assign` text,
`_liked_by` text,
`_seen` text,

			index modified(modified))
			ENGINE=InnoDB
			ROW_FORMAT=DYNAMIC
			CHARACTER SET=utf8mb4
			COLLATE=utf8mb4_unicode_ci
2024-01-03 17:21:05,371 WARNING database DDL Query made to DB:
ALTER TABLE `tabToDo`
				ADD INDEX `reference_type_reference_name_index`(reference_type, reference_name)
2024-01-03 17:21:05,483 WARNING database DDL Query made to DB:
create table `tabTag` (
			name varchar(140) primary key,
			creation datetime(6),
			modified datetime(6),
			modified_by varchar(140),
			owner varchar(140),
			docstatus int(1) not null default '0',
			idx int(8) not null default '0',
			`description` text,
`_user_tags` text,
`_comments` text,
`_assign` text,
`_liked_by` text,

			index modified(modified))
			ENGINE=InnoDB
			ROW_FORMAT=DYNAMIC
			CHARACTER SET=utf8mb4
			COLLATE=utf8mb4_unicode_ci
2024-01-03 17:21:05,598 WARNING database DDL Query made to DB:
create table `tabKanban Board` (
			name varchar(140) primary key,
			creation datetime(6),
			modified datetime(6),
			modified_by varchar(140),
			owner varchar(140),
			docstatus int(1) not null default '0',
			idx int(8) not null default '0',
			`kanban_board_name` varchar(140) unique,
`reference_doctype` varchar(140),
`field_name` varchar(140),
`private` int(1) not null default 0,
`show_labels` int(1) not null default 0,
`filters` longtext,
`fields` longtext,
`_user_tags` text,
`_comments` text,
`_assign` text,
`_liked_by` text,

			index modified(modified))
			ENGINE=InnoDB
			ROW_FORMAT=DYNAMIC
			CHARACTER SET=utf8mb4
			COLLATE=utf8mb4_unicode_ci
2024-01-03 17:21:05,707 WARNING database DDL Query made to DB:
create table `tabCustom HTML Block` (
			name varchar(140) primary key,
			creation datetime(6),
			modified datetime(6),
			modified_by varchar(140),
			owner varchar(140),
			docstatus int(1) not null default '0',
			idx int(8) not null default '0',
			`private` int(1) not null default 0,
`html` longtext,
`script` longtext,
`style` longtext,
`_user_tags` text,
`_comments` text,
`_assign` text,
`_liked_by` text,

			index modified(modified))
			ENGINE=InnoDB
			ROW_FORMAT=DYNAMIC
			CHARACTER SET=utf8mb4
			COLLATE=utf8mb4_unicode_ci
2024-01-03 17:21:05,856 WARNING database DDL Query made to DB:
create table `tabEvent` (
			name varchar(140) primary key,
			creation datetime(6),
			modified datetime(6),
			modified_by varchar(140),
			owner varchar(140),
			docstatus int(1) not null default '0',
			idx int(8) not null default '0',
			`subject` text,
`event_category` varchar(140),
`event_type` varchar(140),
`color` varchar(140),
`send_reminder` int(1) not null default 1,
`repeat_this_event` int(1) not null default 0,
`starts_on` datetime(6),
`ends_on` datetime(6),
`status` varchar(140) default 'Open',
`sender` varchar(140),
`all_day` int(1) not null default 0,
`sync_with_google_calendar` int(1) not null default 0,
`add_video_conferencing` int(1) not null default 0,
`google_calendar` varchar(140),
`google_calendar_id` varchar(140),
`google_calendar_event_id` varchar(140),
`google_meet_link` varchar(140),
`pulled_from_google_calendar` int(1) not null default 0,
`repeat_on` varchar(140),
`repeat_till` date,
`monday` int(1) not null default 0,
`tuesday` int(1) not null default 0,
`wednesday` int(1) not null default 0,
`thursday` int(1) not null default 0,
`friday` int(1) not null default 0,
`saturday` int(1) not null default 0,
`sunday` int(1) not null default 0,
`description` longtext,
`_user_tags` text,
`_comments` text,
`_assign` text,
`_liked_by` text,
`_seen` text,
index `event_type`(`event_type`),

			index modified(modified))
			ENGINE=InnoDB
			ROW_FORMAT=DYNAMIC
			CHARACTER SET=utf8mb4
			COLLATE=utf8mb4_unicode_ci
2024-01-03 17:21:05,951 WARNING database DDL Query made to DB:
create sequence if not exists console_log_id_seq nocache nocycle
2024-01-03 17:21:05,983 WARNING database DDL Query made to DB:
create table `tabConsole Log` (
			name bigint primary key,
			creation datetime(6),
			modified datetime(6),
			modified_by varchar(140),
			owner varchar(140),
			docstatus int(1) not null default '0',
			idx int(8) not null default '0',
			`script` longtext,
`_user_tags` text,
`_comments` text,
`_assign` text,
`_liked_by` text,

			index modified(modified))
			ENGINE=InnoDB
			ROW_FORMAT=DYNAMIC
			CHARACTER SET=utf8mb4
			COLLATE=utf8mb4_unicode_ci
2024-01-03 17:21:06,084 WARNING database DDL Query made to DB:
create table `tabGlobal Search DocType` (
			name varchar(140) primary key,
			creation datetime(6),
			modified datetime(6),
			modified_by varchar(140),
			owner varchar(140),
			docstatus int(1) not null default '0',
			idx int(8) not null default '0',
			`document_type` varchar(140),
parent varchar(140),
parentfield varchar(140),
parenttype varchar(140),
index parent(parent),

			index modified(modified))
			ENGINE=InnoDB
			ROW_FORMAT=DYNAMIC
			CHARACTER SET=utf8mb4
			COLLATE=utf8mb4_unicode_ci
2024-01-03 17:21:06,198 WARNING database DDL Query made to DB:
create table `tabNotification Subscribed Document` (
			name varchar(140) primary key,
			creation datetime(6),
			modified datetime(6),
			modified_by varchar(140),
			owner varchar(140),
			docstatus int(1) not null default '0',
			idx int(8) not null default '0',
			`document` varchar(140),
parent varchar(140),
parentfield varchar(140),
parenttype varchar(140),
index parent(parent),

			index modified(modified))
			ENGINE=InnoDB
			ROW_FORMAT=DYNAMIC
			CHARACTER SET=utf8mb4
			COLLATE=utf8mb4_unicode_ci
2024-01-03 17:21:06,655 WARNING database DDL Query made to DB:
create table `tabOAuth Bearer Token` (
			name varchar(140) primary key,
			creation datetime(6),
			modified datetime(6),
			modified_by varchar(140),
			owner varchar(140),
			docstatus int(1) not null default '0',
			idx int(8) not null default '0',
			`client` varchar(140),
`user` varchar(140),
`scopes` text,
`access_token` varchar(140) unique,
`refresh_token` varchar(140),
`expiration_time` datetime(6),
`expires_in` int(11) not null default 0,
`status` varchar(140),
`_user_tags` text,
`_comments` text,
`_assign` text,
`_liked_by` text,

			index modified(modified))
			ENGINE=InnoDB
			ROW_FORMAT=DYNAMIC
			CHARACTER SET=utf8mb4
			COLLATE=utf8mb4_unicode_ci
2024-01-03 17:21:06,956 WARNING database DDL Query made to DB:
create table `tabIntegration Request` (
			name varchar(140) primary key,
			creation datetime(6),
			modified datetime(6),
			modified_by varchar(140),
			owner varchar(140),
			docstatus int(1) not null default '0',
			idx int(8) not null default '0',
			`request_id` varchar(140),
`integration_request_service` varchar(140),
`is_remote_request` int(1) not null default 0,
`request_description` varchar(140),
`status` varchar(140) default 'Queued',
`url` text,
`request_headers` longtext,
`data` longtext,
`output` longtext,
`error` longtext,
`reference_doctype` varchar(140),
`reference_docname` varchar(140),
`_user_tags` text,
`_comments` text,
`_assign` text,
`_liked_by` text,

			index modified(modified))
			ENGINE=InnoDB
			ROW_FORMAT=DYNAMIC
			CHARACTER SET=utf8mb4
			COLLATE=utf8mb4_unicode_ci
2024-01-03 17:21:07,136 WARNING database DDL Query made to DB:
create table `tabToken Cache` (
			name varchar(140) primary key,
			creation datetime(6),
			modified datetime(6),
			modified_by varchar(140),
			owner varchar(140),
			docstatus int(1) not null default '0',
			idx int(8) not null default '0',
			`user` varchar(140),
`connected_app` varchar(140),
`provider_name` varchar(140),
`access_token` text,
`refresh_token` text,
`expires_in` int(11) not null default 0,
`state` varchar(140),
`success_uri` varchar(140),
`token_type` varchar(140),
`_user_tags` text,
`_comments` text,
`_assign` text,
`_liked_by` text,

			index modified(modified))
			ENGINE=InnoDB
			ROW_FORMAT=DYNAMIC
			CHARACTER SET=utf8mb4
			COLLATE=utf8mb4_unicode_ci
2024-01-03 17:21:07,242 WARNING database DDL Query made to DB:
create table `tabOAuth Scope` (
			name varchar(140) primary key,
			creation datetime(6),
			modified datetime(6),
			modified_by varchar(140),
			owner varchar(140),
			docstatus int(1) not null default '0',
			idx int(8) not null default '0',
			`scope` varchar(140),
parent varchar(140),
parentfield varchar(140),
parenttype varchar(140),
index parent(parent),

			index modified(modified))
			ENGINE=InnoDB
			ROW_FORMAT=DYNAMIC
			CHARACTER SET=utf8mb4
			COLLATE=utf8mb4_unicode_ci
2024-01-03 17:21:07,367 WARNING database DDL Query made to DB:
create table `tabSocial Login Key` (
			name varchar(140) primary key,
			creation datetime(6),
			modified datetime(6),
			modified_by varchar(140),
			owner varchar(140),
			docstatus int(1) not null default '0',
			idx int(8) not null default '0',
			`enable_social_login` int(1) not null default 0,
`social_login_provider` varchar(140) default 'Custom',
`client_id` varchar(140),
`provider_name` varchar(140),
`client_secret` text,
`icon` varchar(140),
`base_url` varchar(140),
`authorize_url` varchar(140),
`access_token_url` varchar(140),
`redirect_url` varchar(140),
`api_endpoint` varchar(140),
`custom_base_url` int(1) not null default 0,
`api_endpoint_args` longtext,
`auth_url_data` longtext,
`user_id_property` varchar(140),
`_user_tags` text,
`_comments` text,
`_assign` text,
`_liked_by` text,

			index modified(modified))
			ENGINE=InnoDB
			ROW_FORMAT=DYNAMIC
			CHARACTER SET=utf8mb4
			COLLATE=utf8mb4_unicode_ci
2024-01-03 17:21:07,492 WARNING database DDL Query made to DB:
create table `tabOAuth Client` (
			name varchar(140) primary key,
			creation datetime(6),
			modified datetime(6),
			modified_by varchar(140),
			owner varchar(140),
			docstatus int(1) not null default '0',
			idx int(8) not null default '0',
			`client_id` varchar(140),
`app_name` varchar(140),
`user` varchar(140),
`client_secret` varchar(140),
`skip_authorization` int(1) not null default 0,
`scopes` text default 'all openid',
`redirect_uris` text,
`default_redirect_uri` varchar(140),
`grant_type` varchar(140),
`response_type` varchar(140) default 'Code',
`_user_tags` text,
`_comments` text,
`_assign` text,
`_liked_by` text,

			index modified(modified))
			ENGINE=InnoDB
			ROW_FORMAT=DYNAMIC
			CHARACTER SET=utf8mb4
			COLLATE=utf8mb4_unicode_ci
2024-01-03 17:21:07,664 WARNING database DDL Query made to DB:
create table `tabSlack Webhook URL` (
			name varchar(140) primary key,
			creation datetime(6),
			modified datetime(6),
			modified_by varchar(140),
			owner varchar(140),
			docstatus int(1) not null default '0',
			idx int(8) not null default '0',
			`webhook_name` varchar(140) unique,
`webhook_url` varchar(140),
`show_document_link` int(1) not null default 1,
`_user_tags` text,
`_comments` text,
`_assign` text,
`_liked_by` text,

			index modified(modified))
			ENGINE=InnoDB
			ROW_FORMAT=DYNAMIC
			CHARACTER SET=utf8mb4
			COLLATE=utf8mb4_unicode_ci
2024-01-03 17:21:07,792 WARNING database DDL Query made to DB:
create table `tabGoogle Calendar` (
			name varchar(140) primary key,
			creation datetime(6),
			modified datetime(6),
			modified_by varchar(140),
			owner varchar(140),
			docstatus int(1) not null default '0',
			idx int(8) not null default '0',
			`enable` int(1) not null default 1,
`calendar_name` varchar(140) unique,
`user` varchar(140),
`pull_from_google_calendar` int(1) not null default 1,
`push_to_google_calendar` int(1) not null default 1,
`google_calendar_id` varchar(140),
`refresh_token` text,
`authorization_code` text,
`next_sync_token` text,
`_user_tags` text,
`_comments` text,
`_assign` text,
`_liked_by` text,

			index modified(modified))
			ENGINE=InnoDB
			ROW_FORMAT=DYNAMIC
			CHARACTER SET=utf8mb4
			COLLATE=utf8mb4_unicode_ci
2024-01-03 17:21:08,047 WARNING database DDL Query made to DB:
create table `tabQuery Parameters` (
			name varchar(140) primary key,
			creation datetime(6),
			modified datetime(6),
			modified_by varchar(140),
			owner varchar(140),
			docstatus int(1) not null default '0',
			idx int(8) not null default '0',
			`key` varchar(140),
`value` varchar(140),
parent varchar(140),
parentfield varchar(140),
parenttype varchar(140),
index parent(parent),

			index modified(modified))
			ENGINE=InnoDB
			ROW_FORMAT=DYNAMIC
			CHARACTER SET=utf8mb4
			COLLATE=utf8mb4_unicode_ci
2024-01-03 17:21:08,165 WARNING database DDL Query made to DB:
create table `tabOAuth Authorization Code` (
			name varchar(140) primary key,
			creation datetime(6),
			modified datetime(6),
			modified_by varchar(140),
			owner varchar(140),
			docstatus int(1) not null default '0',
			idx int(8) not null default '0',
			`client` varchar(140),
`user` varchar(140),
`scopes` text,
`authorization_code` varchar(140) unique,
`expiration_time` datetime(6),
`redirect_uri_bound_to_authorization_code` varchar(140),
`validity` varchar(140),
`nonce` varchar(140),
`code_challenge` varchar(140),
`code_challenge_method` varchar(140),
`_user_tags` text,
`_comments` text,
`_assign` text,
`_liked_by` text,

			index modified(modified))
			ENGINE=InnoDB
			ROW_FORMAT=DYNAMIC
			CHARACTER SET=utf8mb4
			COLLATE=utf8mb4_unicode_ci
2024-01-03 17:21:08,609 WARNING database DDL Query made to DB:
create table `tabWebhook Request Log` (
			name varchar(140) primary key,
			creation datetime(6),
			modified datetime(6),
			modified_by varchar(140),
			owner varchar(140),
			docstatus int(1) not null default '0',
			idx int(8) not null default '0',
			`user` varchar(140),
`webhook` varchar(140),
`reference_document` varchar(140),
`headers` longtext,
`data` longtext,
`url` varchar(140),
`response` longtext,
`error` text,
`_user_tags` text,
`_comments` text,
`_assign` text,
`_liked_by` text,

			index modified(modified))
			ENGINE=InnoDB
			ROW_FORMAT=DYNAMIC
			CHARACTER SET=utf8mb4
			COLLATE=utf8mb4_unicode_ci
2024-01-03 17:21:08,718 WARNING database DDL Query made to DB:
create table `tabWebhook Header` (
			name varchar(140) primary key,
			creation datetime(6),
			modified datetime(6),
			modified_by varchar(140),
			owner varchar(140),
			docstatus int(1) not null default '0',
			idx int(8) not null default '0',
			`key` varchar(140),
`value` varchar(140),
parent varchar(140),
parentfield varchar(140),
parenttype varchar(140),
index parent(parent),

			index modified(modified))
			ENGINE=InnoDB
			ROW_FORMAT=DYNAMIC
			CHARACTER SET=utf8mb4
			COLLATE=utf8mb4_unicode_ci
2024-01-03 17:21:08,819 WARNING database DDL Query made to DB:
create table `tabLDAP Group Mapping` (
			name varchar(140) primary key,
			creation datetime(6),
			modified datetime(6),
			modified_by varchar(140),
			owner varchar(140),
			docstatus int(1) not null default '0',
			idx int(8) not null default '0',
			`ldap_group` varchar(140),
`erpnext_role` varchar(140),
parent varchar(140),
parentfield varchar(140),
parenttype varchar(140),
index parent(parent),

			index modified(modified))
			ENGINE=InnoDB
			ROW_FORMAT=DYNAMIC
			CHARACTER SET=utf8mb4
			COLLATE=utf8mb4_unicode_ci
2024-01-03 17:21:08,927 WARNING database DDL Query made to DB:
create table `tabGoogle Contacts` (
			name varchar(140) primary key,
			creation datetime(6),
			modified datetime(6),
			modified_by varchar(140),
			owner varchar(140),
			docstatus int(1) not null default '0',
			idx int(8) not null default '0',
			`enable` int(1) not null default 0,
`email_id` varchar(140),
`last_sync_on` datetime(6),
`authorization_code` text,
`refresh_token` text,
`next_sync_token` text,
`pull_from_google_contacts` int(1) not null default 0,
`push_to_google_contacts` int(1) not null default 0,
`_user_tags` text,
`_comments` text,
`_assign` text,
`_liked_by` text,

			index modified(modified))
			ENGINE=InnoDB
			ROW_FORMAT=DYNAMIC
			CHARACTER SET=utf8mb4
			COLLATE=utf8mb4_unicode_ci
2024-01-03 17:21:09,133 WARNING database DDL Query made to DB:
create table `tabWebhook` (
			name varchar(140) primary key,
			creation datetime(6),
			modified datetime(6),
			modified_by varchar(140),
			owner varchar(140),
			docstatus int(1) not null default '0',
			idx int(8) not null default '0',
			`naming_series` varchar(140),
`webhook_doctype` varchar(140),
`webhook_docevent` varchar(140),
`enabled` int(1) not null default 1,
`condition` text,
`request_url` varchar(140),
`timeout` int(11) not null default 5,
`request_method` varchar(140) default 'POST',
`request_structure` varchar(140),
`enable_security` int(1) not null default 0,
`webhook_secret` text,
`webhook_json` longtext,
`preview_document` varchar(140),
`_user_tags` text,
`_comments` text,
`_assign` text,
`_liked_by` text,

			index modified(modified))
			ENGINE=InnoDB
			ROW_FORMAT=DYNAMIC
			CHARACTER SET=utf8mb4
			COLLATE=utf8mb4_unicode_ci
2024-01-03 17:21:09,243 WARNING database DDL Query made to DB:
create table `tabWebhook Data` (
			name varchar(140) primary key,
			creation datetime(6),
			modified datetime(6),
			modified_by varchar(140),
			owner varchar(140),
			docstatus int(1) not null default '0',
			idx int(8) not null default '0',
			`fieldname` varchar(140),
`key` varchar(140),
parent varchar(140),
parentfield varchar(140),
parenttype varchar(140),
index parent(parent),

			index modified(modified))
			ENGINE=InnoDB
			ROW_FORMAT=DYNAMIC
			CHARACTER SET=utf8mb4
			COLLATE=utf8mb4_unicode_ci
2024-01-03 17:21:09,552 WARNING database DDL Query made to DB:
create table `tabConnected App` (
			name varchar(140) primary key,
			creation datetime(6),
			modified datetime(6),
			modified_by varchar(140),
			owner varchar(140),
			docstatus int(1) not null default '0',
			idx int(8) not null default '0',
			`provider_name` varchar(140),
`openid_configuration` varchar(140),
`client_id` varchar(140),
`redirect_uri` varchar(140),
`client_secret` text,
`authorization_uri` text,
`token_uri` varchar(140),
`revocation_uri` varchar(140),
`userinfo_uri` varchar(140),
`introspection_uri` varchar(140),
`_user_tags` text,
`_comments` text,
`_assign` text,
`_liked_by` text,

			index modified(modified))
			ENGINE=InnoDB
			ROW_FORMAT=DYNAMIC
			CHARACTER SET=utf8mb4
			COLLATE=utf8mb4_unicode_ci
2024-01-03 17:21:09,756 WARNING database DDL Query made to DB:
create table `tabNetwork Printer Settings` (
			name varchar(140) primary key,
			creation datetime(6),
			modified datetime(6),
			modified_by varchar(140),
			owner varchar(140),
			docstatus int(1) not null default '0',
			idx int(8) not null default '0',
			`server_ip` varchar(140) default 'localhost',
`port` int(11) not null default 631,
`printer_name` varchar(140),
`_user_tags` text,
`_comments` text,
`_assign` text,
`_liked_by` text,

			index modified(modified))
			ENGINE=InnoDB
			ROW_FORMAT=DYNAMIC
			CHARACTER SET=utf8mb4
			COLLATE=utf8mb4_unicode_ci
2024-01-03 17:21:10,064 WARNING database DDL Query made to DB:
create table `tabPrint Heading` (
			name varchar(140) primary key,
			creation datetime(6),
			modified datetime(6),
			modified_by varchar(140),
			owner varchar(140),
			docstatus int(1) not null default '0',
			idx int(8) not null default '0',
			`print_heading` varchar(140),
`description` text,
`_user_tags` text,
`_comments` text,
`_assign` text,
`_liked_by` text,

			index modified(modified))
			ENGINE=InnoDB
			ROW_FORMAT=DYNAMIC
			CHARACTER SET=utf8mb4
			COLLATE=utf8mb4_unicode_ci
2024-01-03 17:21:10,200 WARNING database DDL Query made to DB:
create table `tabLetter Head` (
			name varchar(140) primary key,
			creation datetime(6),
			modified datetime(6),
			modified_by varchar(140),
			owner varchar(140),
			docstatus int(1) not null default '0',
			idx int(8) not null default '0',
			`letter_head_name` varchar(140) unique,
`source` varchar(140),
`footer_source` varchar(140) default 'HTML',
`disabled` int(1) not null default 0,
`is_default` int(1) not null default 0,
`image` text,
`image_height` decimal(21,9) not null default 0,
`image_width` decimal(21,9) not null default 0,
`align` varchar(140) default 'Left',
`content` longtext,
`footer` longtext,
`footer_image` text,
`footer_image_height` decimal(21,9) not null default 0,
`footer_image_width` decimal(21,9) not null default 0,
`footer_align` varchar(140),
`_user_tags` text,
`_comments` text,
`_assign` text,
`_liked_by` text,
index `is_default`(`is_default`),

			index modified(modified))
			ENGINE=InnoDB
			ROW_FORMAT=DYNAMIC
			CHARACTER SET=utf8mb4
			COLLATE=utf8mb4_unicode_ci
2024-01-03 17:21:10,392 WARNING database DDL Query made to DB:
create table `tabPrint Format Field Template` (
			name varchar(140) primary key,
			creation datetime(6),
			modified datetime(6),
			modified_by varchar(140),
			owner varchar(140),
			docstatus int(1) not null default '0',
			idx int(8) not null default '0',
			`document_type` varchar(140),
`field` varchar(140),
`template_file` varchar(140),
`module` varchar(140),
`standard` int(1) not null default 0,
`template` longtext,
`_user_tags` text,
`_comments` text,
`_assign` text,
`_liked_by` text,

			index modified(modified))
			ENGINE=InnoDB
			ROW_FORMAT=DYNAMIC
			CHARACTER SET=utf8mb4
			COLLATE=utf8mb4_unicode_ci
2024-01-03 17:21:10,841 WARNING database DDL Query made to DB:
create table `tabAddress` (
			name varchar(140) primary key,
			creation datetime(6),
			modified datetime(6),
			modified_by varchar(140),
			owner varchar(140),
			docstatus int(1) not null default '0',
			idx int(8) not null default '0',
			`address_title` varchar(140),
`address_type` varchar(140),
`address_line1` varchar(240),
`address_line2` varchar(240),
`city` varchar(140),
`county` varchar(140),
`state` varchar(140),
`country` varchar(140),
`pincode` varchar(140),
`email_id` varchar(140),
`phone` varchar(140),
`fax` varchar(140),
`is_primary_address` int(1) not null default 0,
`is_shipping_address` int(1) not null default 0,
`disabled` int(1) not null default 0,
`_user_tags` text,
`_comments` text,
`_assign` text,
`_liked_by` text,
index `city`(`city`),
index `country`(`country`),
index `pincode`(`pincode`),

			index modified(modified))
			ENGINE=InnoDB
			ROW_FORMAT=DYNAMIC
			CHARACTER SET=utf8mb4
			COLLATE=utf8mb4_unicode_ci
2024-01-03 17:21:11,228 WARNING database DDL Query made to DB:
create table `tabGender` (
			name varchar(140) primary key,
			creation datetime(6),
			modified datetime(6),
			modified_by varchar(140),
			owner varchar(140),
			docstatus int(1) not null default '0',
			idx int(8) not null default '0',
			`gender` varchar(140) unique,
`_user_tags` text,
`_comments` text,
`_assign` text,
`_liked_by` text,

			index modified(modified))
			ENGINE=InnoDB
			ROW_FORMAT=DYNAMIC
			CHARACTER SET=utf8mb4
			COLLATE=utf8mb4_unicode_ci
2024-01-03 17:21:11,331 WARNING database DDL Query made to DB:
create table `tabContact Email` (
			name varchar(140) primary key,
			creation datetime(6),
			modified datetime(6),
			modified_by varchar(140),
			owner varchar(140),
			docstatus int(1) not null default '0',
			idx int(8) not null default '0',
			`email_id` varchar(140),
`is_primary` int(1) not null default 0,
parent varchar(140),
parentfield varchar(140),
parenttype varchar(140),
index parent(parent),

			index modified(modified))
			ENGINE=InnoDB
			ROW_FORMAT=DYNAMIC
			CHARACTER SET=utf8mb4
			COLLATE=utf8mb4_unicode_ci
2024-01-03 17:21:11,443 WARNING database DDL Query made to DB:
create table `tabContact Phone` (
			name varchar(140) primary key,
			creation datetime(6),
			modified datetime(6),
			modified_by varchar(140),
			owner varchar(140),
			docstatus int(1) not null default '0',
			idx int(8) not null default '0',
			`phone` varchar(140),
`is_primary_phone` int(1) not null default 0,
`is_primary_mobile_no` int(1) not null default 0,
parent varchar(140),
parentfield varchar(140),
parenttype varchar(140),
index parent(parent),

			index modified(modified))
			ENGINE=InnoDB
			ROW_FORMAT=DYNAMIC
			CHARACTER SET=utf8mb4
			COLLATE=utf8mb4_unicode_ci
2024-01-03 17:21:11,547 WARNING database DDL Query made to DB:
create table `tabAddress Template` (
			name varchar(140) primary key,
			creation datetime(6),
			modified datetime(6),
			modified_by varchar(140),
			owner varchar(140),
			docstatus int(1) not null default '0',
			idx int(8) not null default '0',
			`country` varchar(140),
`is_default` int(1) not null default 0,
`template` longtext,
`_user_tags` text,
`_comments` text,
`_assign` text,
`_liked_by` text,
index `country`(`country`),

			index modified(modified))
			ENGINE=InnoDB
			ROW_FORMAT=DYNAMIC
			CHARACTER SET=utf8mb4
			COLLATE=utf8mb4_unicode_ci
2024-01-03 17:21:11,693 WARNING database DDL Query made to DB:
create table `tabContact` (
			name varchar(140) primary key,
			creation datetime(6),
			modified datetime(6),
			modified_by varchar(140),
			owner varchar(140),
			docstatus int(1) not null default '0',
			idx int(8) not null default '0',
			`first_name` varchar(140),
`middle_name` varchar(140),
`last_name` varchar(140),
`email_id` varchar(140),
`user` varchar(140),
`address` varchar(140),
`sync_with_google_contacts` int(1) not null default 0,
`status` varchar(140) default 'Passive',
`salutation` varchar(140),
`designation` varchar(140),
`gender` varchar(140),
`phone` varchar(140),
`mobile_no` varchar(140),
`company_name` varchar(140),
`image` text,
`google_contacts` varchar(140),
`google_contacts_id` varchar(140),
`pulled_from_google_contacts` int(1) not null default 0,
`is_primary_contact` int(1) not null default 0,
`department` varchar(140),
`unsubscribed` int(1) not null default 0,
`_user_tags` text,
`_comments` text,
`_assign` text,
`_liked_by` text,
index `email_id`(`email_id`),

			index modified(modified))
			ENGINE=InnoDB
			ROW_FORMAT=DYNAMIC
			CHARACTER SET=utf8mb4
			COLLATE=utf8mb4_unicode_ci
2024-01-03 17:21:11,850 WARNING database DDL Query made to DB:
create table `tabSalutation` (
			name varchar(140) primary key,
			creation datetime(6),
			modified datetime(6),
			modified_by varchar(140),
			owner varchar(140),
			docstatus int(1) not null default '0',
			idx int(8) not null default '0',
			`salutation` varchar(140) unique,
`_user_tags` text,
`_comments` text,
`_assign` text,
`_liked_by` text,

			index modified(modified))
			ENGINE=InnoDB
			ROW_FORMAT=DYNAMIC
			CHARACTER SET=utf8mb4
			COLLATE=utf8mb4_unicode_ci
2024-01-03 17:21:12,022 WARNING database DDL Query made to DB:
create sequence if not exists energy_point_log_id_seq nocache nocycle
2024-01-03 17:21:12,068 WARNING database DDL Query made to DB:
create table `tabEnergy Point Log` (
			name bigint primary key,
			creation datetime(6),
			modified datetime(6),
			modified_by varchar(140),
			owner varchar(140),
			docstatus int(1) not null default '0',
			idx int(8) not null default '0',
			`user` varchar(140),
`type` varchar(140),
`points` int(11) not null default 0,
`rule` varchar(140),
`reference_doctype` varchar(140),
`reference_name` varchar(140),
`reverted` int(1) not null default 0,
`revert_of` varchar(140),
`reason` text,
`seen` int(1) not null default 0,
`_user_tags` text,
`_comments` text,
`_assign` text,
`_liked_by` text,
index `user`(`user`),
index `reference_name`(`reference_name`),

			index modified(modified))
			ENGINE=InnoDB
			ROW_FORMAT=DYNAMIC
			CHARACTER SET=utf8mb4
			COLLATE=utf8mb4_unicode_ci
2024-01-03 17:21:12,465 WARNING database DDL Query made to DB:
create table `tabEnergy Point Rule` (
			name varchar(140) primary key,
			creation datetime(6),
			modified datetime(6),
			modified_by varchar(140),
			owner varchar(140),
			docstatus int(1) not null default '0',
			idx int(8) not null default '0',
			`enabled` int(1) not null default 1,
`rule_name` varchar(140) unique,
`reference_doctype` varchar(140),
`for_doc_event` varchar(140) default 'Custom',
`field_to_check` varchar(140),
`points` int(11) not null default 0,
`for_assigned_users` int(1) not null default 0,
`user_field` varchar(140),
`multiplier_field` varchar(140),
`max_points` int(11) not null default 0,
`apply_only_once` int(1) not null default 0,
`condition` longtext,
`_user_tags` text,
`_comments` text,
`_assign` text,
`_liked_by` text,

			index modified(modified))
			ENGINE=InnoDB
			ROW_FORMAT=DYNAMIC
			CHARACTER SET=utf8mb4
			COLLATE=utf8mb4_unicode_ci
2024-01-03 17:21:12,659 WARNING database DDL Query made to DB:
create table `tabReview Level` (
			name varchar(140) primary key,
			creation datetime(6),
			modified datetime(6),
			modified_by varchar(140),
			owner varchar(140),
			docstatus int(1) not null default '0',
			idx int(8) not null default '0',
			`level_name` varchar(140) unique,
`role` varchar(140) unique,
`review_points` int(11) not null default 0,
parent varchar(140),
parentfield varchar(140),
parenttype varchar(140),
index parent(parent),

			index modified(modified))
			ENGINE=InnoDB
			ROW_FORMAT=DYNAMIC
			CHARACTER SET=utf8mb4
			COLLATE=utf8mb4_unicode_ci
2024-01-03 17:21:12,774 WARNING database DDL Query made to DB:
create table `tabAssignment Rule` (
			name varchar(140) primary key,
			creation datetime(6),
			modified datetime(6),
			modified_by varchar(140),
			owner varchar(140),
			docstatus int(1) not null default '0',
			idx int(8) not null default '0',
			`document_type` varchar(140),
`due_date_based_on` varchar(140),
`priority` int(11) not null default 0,
`disabled` int(1) not null default 0,
`description` text default 'Automatic Assignment',
`assign_condition` longtext,
`unassign_condition` longtext,
`close_condition` longtext,
`rule` varchar(140),
`field` varchar(140),
`last_user` varchar(140),
`_user_tags` text,
`_comments` text,
`_assign` text,
`_liked_by` text,

			index modified(modified))
			ENGINE=InnoDB
			ROW_FORMAT=DYNAMIC
			CHARACTER SET=utf8mb4
			COLLATE=utf8mb4_unicode_ci
2024-01-03 17:21:13,099 WARNING database DDL Query made to DB:
create table `tabAssignment Rule User` (
			name varchar(140) primary key,
			creation datetime(6),
			modified datetime(6),
			modified_by varchar(140),
			owner varchar(140),
			docstatus int(1) not null default '0',
			idx int(8) not null default '0',
			`user` varchar(140),
parent varchar(140),
parentfield varchar(140),
parenttype varchar(140),
index parent(parent),

			index modified(modified))
			ENGINE=InnoDB
			ROW_FORMAT=DYNAMIC
			CHARACTER SET=utf8mb4
			COLLATE=utf8mb4_unicode_ci
2024-01-03 17:21:13,218 WARNING database DDL Query made to DB:
create table `tabMilestone Tracker` (
			name varchar(140) primary key,
			creation datetime(6),
			modified datetime(6),
			modified_by varchar(140),
			owner varchar(140),
			docstatus int(1) not null default '0',
			idx int(8) not null default '0',
			`document_type` varchar(140) unique,
`track_field` varchar(140),
`disabled` int(1) not null default 0,
`_user_tags` text,
`_comments` text,
`_assign` text,
`_liked_by` text,

			index modified(modified))
			ENGINE=InnoDB
			ROW_FORMAT=DYNAMIC
			CHARACTER SET=utf8mb4
			COLLATE=utf8mb4_unicode_ci
2024-01-03 17:21:13,324 WARNING database DDL Query made to DB:
create table `tabAuto Repeat Day` (
			name varchar(140) primary key,
			creation datetime(6),
			modified datetime(6),
			modified_by varchar(140),
			owner varchar(140),
			docstatus int(1) not null default '0',
			idx int(8) not null default '0',
			`day` varchar(140),
parent varchar(140),
parentfield varchar(140),
parenttype varchar(140),
index parent(parent),

			index modified(modified))
			ENGINE=InnoDB
			ROW_FORMAT=DYNAMIC
			CHARACTER SET=utf8mb4
			COLLATE=utf8mb4_unicode_ci
2024-01-03 17:21:13,425 WARNING database DDL Query made to DB:
create table `tabMilestone` (
			name varchar(140) primary key,
			creation datetime(6),
			modified datetime(6),
			modified_by varchar(140),
			owner varchar(140),
			docstatus int(1) not null default '0',
			idx int(8) not null default '0',
			`reference_type` varchar(140),
`reference_name` varchar(140),
`track_field` varchar(140),
`value` varchar(140),
`milestone_tracker` varchar(140),
`_user_tags` text,
`_comments` text,
`_assign` text,
`_liked_by` text,
index `reference_type`(`reference_type`),

			index modified(modified))
			ENGINE=InnoDB
			ROW_FORMAT=DYNAMIC
			CHARACTER SET=utf8mb4
			COLLATE=utf8mb4_unicode_ci
2024-01-03 17:21:13,492 WARNING database DDL Query made to DB:
ALTER TABLE `tabMilestone`
				ADD INDEX `reference_type_reference_name_index`(reference_type, reference_name)
2024-01-03 17:21:13,636 WARNING database DDL Query made to DB:
create table `tabAuto Repeat` (
			name varchar(140) primary key,
			creation datetime(6),
			modified datetime(6),
			modified_by varchar(140),
			owner varchar(140),
			docstatus int(1) not null default '0',
			idx int(8) not null default '0',
			`disabled` int(1) not null default 0,
`reference_doctype` varchar(140),
`reference_document` varchar(140),
`submit_on_creation` int(1) not null default 0,
`start_date` date,
`end_date` date,
`frequency` varchar(140),
`repeat_on_day` int(11) not null default 0,
`repeat_on_last_day` int(1) not null default 0,
`next_schedule_date` date,
`notify_by_email` int(1) not null default 0,
`recipients` text,
`template` varchar(140),
`subject` varchar(140),
`message` text default 'Please find attached {{ doc.doctype }} #{{ doc.name }}',
`print_format` varchar(140),
`status` varchar(140),
`_user_tags` text,
`_comments` text,
`_assign` text,
`_liked_by` text,
index `next_schedule_date`(`next_schedule_date`),

			index modified(modified))
			ENGINE=InnoDB
			ROW_FORMAT=DYNAMIC
			CHARACTER SET=utf8mb4
			COLLATE=utf8mb4_unicode_ci
2024-01-03 17:21:13,752 WARNING database DDL Query made to DB:
create table `tabAssignment Rule Day` (
			name varchar(140) primary key,
			creation datetime(6),
			modified datetime(6),
			modified_by varchar(140),
			owner varchar(140),
			docstatus int(1) not null default '0',
			idx int(8) not null default '0',
			`day` varchar(140),
parent varchar(140),
parentfield varchar(140),
parenttype varchar(140),
index parent(parent),

			index modified(modified))
			ENGINE=InnoDB
			ROW_FORMAT=DYNAMIC
			CHARACTER SET=utf8mb4
			COLLATE=utf8mb4_unicode_ci
2024-01-03 17:21:13,978 WARNING database DDL Query made to DB:
create table `tabDocument Type Mapping` (
			name varchar(140) primary key,
			creation datetime(6),
			modified datetime(6),
			modified_by varchar(140),
			owner varchar(140),
			docstatus int(1) not null default '0',
			idx int(8) not null default '0',
			`mapping_name` varchar(140) unique,
`local_doctype` varchar(140),
`remote_doctype` varchar(140),
`_user_tags` text,
`_comments` text,
`_assign` text,
`_liked_by` text,

			index modified(modified))
			ENGINE=InnoDB
			ROW_FORMAT=DYNAMIC
			CHARACTER SET=utf8mb4
			COLLATE=utf8mb4_unicode_ci
2024-01-03 17:21:14,317 WARNING database DDL Query made to DB:
create sequence if not exists event_sync_log_id_seq nocache nocycle
2024-01-03 17:21:14,348 WARNING database DDL Query made to DB:
create table `tabEvent Sync Log` (
			name bigint primary key,
			creation datetime(6),
			modified datetime(6),
			modified_by varchar(140),
			owner varchar(140),
			docstatus int(1) not null default '0',
			idx int(8) not null default '0',
			`update_type` varchar(140),
`ref_doctype` varchar(140),
`docname` varchar(140),
`status` varchar(140),
`event_producer` varchar(140),
`producer_doc` varchar(140),
`use_same_name` varchar(140) default '0',
`mapping` varchar(140),
`data` longtext,
`error` longtext,
`_user_tags` text,
`_comments` text,
`_assign` text,
`_liked_by` text,

			index modified(modified))
			ENGINE=InnoDB
			ROW_FORMAT=DYNAMIC
			CHARACTER SET=utf8mb4
			COLLATE=utf8mb4_unicode_ci
2024-01-03 17:21:14,472 WARNING database DDL Query made to DB:
create table `tabEvent Consumer Document Type` (
			name varchar(140) primary key,
			creation datetime(6),
			modified datetime(6),
			modified_by varchar(140),
			owner varchar(140),
			docstatus int(1) not null default '0',
			idx int(8) not null default '0',
			`ref_doctype` varchar(140),
`status` varchar(140) default 'Pending',
`unsubscribed` int(1) not null default 0,
`condition` longtext,
parent varchar(140),
parentfield varchar(140),
parenttype varchar(140),
index parent(parent),

			index modified(modified))
			ENGINE=InnoDB
			ROW_FORMAT=DYNAMIC
			CHARACTER SET=utf8mb4
			COLLATE=utf8mb4_unicode_ci
2024-01-03 17:21:14,577 WARNING database DDL Query made to DB:
create table `tabEvent Update Log Consumer` (
			name varchar(140) primary key,
			creation datetime(6),
			modified datetime(6),
			modified_by varchar(140),
			owner varchar(140),
			docstatus int(1) not null default '0',
			idx int(8) not null default '0',
			`consumer` varchar(140),
parent varchar(140),
parentfield varchar(140),
parenttype varchar(140),
index parent(parent),

			index modified(modified))
			ENGINE=InnoDB
			ROW_FORMAT=DYNAMIC
			CHARACTER SET=utf8mb4
			COLLATE=utf8mb4_unicode_ci
2024-01-03 17:21:14,687 WARNING database DDL Query made to DB:
create table `tabEvent Consumer` (
			name varchar(140) primary key,
			creation datetime(6),
			modified datetime(6),
			modified_by varchar(140),
			owner varchar(140),
			docstatus int(1) not null default '0',
			idx int(8) not null default '0',
			`callback_url` varchar(140) unique,
`api_key` varchar(140),
`api_secret` text,
`user` varchar(140),
`incoming_change` int(1) not null default 0,
`_user_tags` text,
`_comments` text,
`_assign` text,
`_liked_by` text,

			index modified(modified))
			ENGINE=InnoDB
			ROW_FORMAT=DYNAMIC
			CHARACTER SET=utf8mb4
			COLLATE=utf8mb4_unicode_ci
2024-01-03 17:21:14,811 WARNING database DDL Query made to DB:
create table `tabEvent Producer` (
			name varchar(140) primary key,
			creation datetime(6),
			modified datetime(6),
			modified_by varchar(140),
			owner varchar(140),
			docstatus int(1) not null default '0',
			idx int(8) not null default '0',
			`producer_url` varchar(140) unique,
`api_key` varchar(140),
`api_secret` text,
`user` varchar(140),
`incoming_change` int(1) not null default 0,
`_user_tags` text,
`_comments` text,
`_assign` text,
`_liked_by` text,

			index modified(modified))
			ENGINE=InnoDB
			ROW_FORMAT=DYNAMIC
			CHARACTER SET=utf8mb4
			COLLATE=utf8mb4_unicode_ci
2024-01-03 17:21:14,928 WARNING database DDL Query made to DB:
create table `tabDocument Type Field Mapping` (
			name varchar(140) primary key,
			creation datetime(6),
			modified datetime(6),
			modified_by varchar(140),
			owner varchar(140),
			docstatus int(1) not null default '0',
			idx int(8) not null default '0',
			`local_fieldname` varchar(140),
`mapping_type` varchar(140),
`mapping` varchar(140),
`remote_value_filters` longtext,
`remote_fieldname` varchar(140),
`default_value` varchar(140),
parent varchar(140),
parentfield varchar(140),
parenttype varchar(140),
index parent(parent),

			index modified(modified))
			ENGINE=InnoDB
			ROW_FORMAT=DYNAMIC
			CHARACTER SET=utf8mb4
			COLLATE=utf8mb4_unicode_ci
2024-01-03 17:21:15,021 WARNING database DDL Query made to DB:
create sequence if not exists event_update_log_id_seq nocache nocycle
2024-01-03 17:21:15,052 WARNING database DDL Query made to DB:
create table `tabEvent Update Log` (
			name bigint primary key,
			creation datetime(6),
			modified datetime(6),
			modified_by varchar(140),
			owner varchar(140),
			docstatus int(1) not null default '0',
			idx int(8) not null default '0',
			`update_type` varchar(140),
`ref_doctype` varchar(140),
`docname` varchar(140),
`data` longtext,
`_user_tags` text,
`_comments` text,
`_assign` text,
`_liked_by` text,

			index modified(modified))
			ENGINE=InnoDB
			ROW_FORMAT=DYNAMIC
			CHARACTER SET=utf8mb4
			COLLATE=utf8mb4_unicode_ci
2024-01-03 17:21:15,164 WARNING database DDL Query made to DB:
create table `tabEvent Producer Last Update` (
			name varchar(140) primary key,
			creation datetime(6),
			modified datetime(6),
			modified_by varchar(140),
			owner varchar(140),
			docstatus int(1) not null default '0',
			idx int(8) not null default '0',
			`event_producer` varchar(140) unique,
`last_update` varchar(140),
`_user_tags` text,
`_comments` text,
`_assign` text,
`_liked_by` text,

			index modified(modified))
			ENGINE=InnoDB
			ROW_FORMAT=DYNAMIC
			CHARACTER SET=utf8mb4
			COLLATE=utf8mb4_unicode_ci
2024-01-03 17:21:15,283 WARNING database DDL Query made to DB:
create table `tabEvent Producer Document Type` (
			name varchar(140) primary key,
			creation datetime(6),
			modified datetime(6),
			modified_by varchar(140),
			owner varchar(140),
			docstatus int(1) not null default '0',
			idx int(8) not null default '0',
			`ref_doctype` varchar(140),
`status` varchar(140) default 'Pending',
`use_same_name` int(1) not null default 0,
`unsubscribe` int(1) not null default 0,
`has_mapping` int(1) not null default 0,
`mapping` varchar(140),
`condition` longtext,
parent varchar(140),
parentfield varchar(140),
parenttype varchar(140),
index parent(parent),

			index modified(modified))
			ENGINE=InnoDB
			ROW_FORMAT=DYNAMIC
			CHARACTER SET=utf8mb4
			COLLATE=utf8mb4_unicode_ci
2024-01-03 17:23:36,339 WARNING database DDL Query made to DB:
create sequence if not exists app_type_generation_paths_id_seq nocache nocycle
2024-01-03 17:23:36,378 WARNING database DDL Query made to DB:
create table `tabApp Type Generation Paths` (
			name bigint primary key,
			creation datetime(6),
			modified datetime(6),
			modified_by varchar(140),
			owner varchar(140),
			docstatus int(1) not null default '0',
			idx int(8) not null default '0',
			`app_name` varchar(140),
`app_path` varchar(140),
parent varchar(140),
parentfield varchar(140),
parenttype varchar(140),
index parent(parent),

			index modified(modified))
			ENGINE=InnoDB
			ROW_FORMAT=DYNAMIC
			CHARACTER SET=utf8mb4
			COLLATE=utf8mb4_unicode_ci
2024-01-04 13:47:48,049 WARNING database DDL Query made to DB:
create table `tabExpense Record` (
			name varchar(140) primary key,
			creation datetime(6),
			modified datetime(6),
			modified_by varchar(140),
			owner varchar(140),
			docstatus int(1) not null default '0',
			idx int(8) not null default '0',
			`transaction_id` varchar(140) unique,
`description` varchar(140),
`amount` decimal(21,9) not null default 0,
`type` varchar(140),
`remarks` text,
`formatted_amount` decimal(21,9) not null default 0,
`_user_tags` text,
`_comments` text,
`_assign` text,
`_liked_by` text,

			index modified(modified))
			ENGINE=InnoDB
			ROW_FORMAT=DYNAMIC
			CHARACTER SET=utf8mb4
			COLLATE=utf8mb4_unicode_ci
2024-01-04 13:54:37,806 WARNING database DDL Query made to DB:
ALTER TABLE `tabExpense Record` MODIFY `formatted_amount` decimal(21,9) not null default 0, MODIFY `amount` decimal(21,9) not null default 0
2024-01-04 13:56:56,988 WARNING database DDL Query made to DB:
ALTER TABLE `tabExpense Record` MODIFY `amount` decimal(21,9) not null default 0, MODIFY `formatted_amount` decimal(21,9) not null default 0
2024-01-04 15:38:39,388 WARNING database DDL Query made to DB:
ALTER TABLE `tabExpense Record` MODIFY `formatted_amount` decimal(21,9) not null default 0, MODIFY `amount` decimal(21,9) not null default 0
2024-01-04 17:15:27,954 WARNING database DDL Query made to DB:
ALTER TABLE `tabExpense Record` ADD COLUMN `file` text
2024-01-04 17:15:27,982 WARNING database DDL Query made to DB:
ALTER TABLE `tabExpense Record` MODIFY `formatted_amount` decimal(21,9) not null default 0, MODIFY `amount` decimal(21,9) not null default 0
2024-01-04 17:46:47,098 WARNING database DDL Query made to DB:
ALTER TABLE `tabExpense Record` MODIFY `amount` decimal(21,9) not null default 0, MODIFY `formatted_amount` decimal(21,9) not null default 0
2024-01-04 18:04:18,792 WARNING database DDL Query made to DB:
ALTER TABLE `tabExpense Record` MODIFY `formatted_amount` decimal(21,9) not null default 0, MODIFY `amount` decimal(21,9) not null default 0
2024-01-04 18:29:01,276 WARNING database DDL Query made to DB:
ALTER TABLE `tabExpense Record` ADD COLUMN `exp` varchar(140)
2024-01-04 18:29:01,304 WARNING database DDL Query made to DB:
ALTER TABLE `tabExpense Record` MODIFY `formatted_amount` decimal(21,9) not null default 0, MODIFY `amount` decimal(21,9) not null default 0
2024-01-05 11:24:49,176 WARNING database DDL Query made to DB:
ALTER TABLE `tabExpense Record` MODIFY `formatted_amount` decimal(21,9) not null default 0, MODIFY `amount` decimal(21,9) not null default 0
2024-01-05 12:47:19,938 WARNING database DDL Query made to DB:
ALTER TABLE `tabExpense Record` MODIFY `amount` decimal(21,9) not null default 0, MODIFY `formatted_amount` decimal(21,9) not null default 0
